2025-09-23 22:33:11 [WARN] User login successful
2025-09-23 18:30:11 [DEBUG] Database connection timeout
2025-09-23 20:08:11 [INFO] User login failed for username=admin
2025-09-24 03:54:11 [ERROR] User login failed for username=admin
2025-09-25 03:30:11 [INFO] Null pointer exception in module X
2025-09-25 03:04:11 [ERROR] Service unavailable, retrying...
2025-09-24 23:12:11 [DEBUG] Service unavailable, retrying...
2025-09-24 12:31:11 [DEBUG] Payment gateway error
2025-09-23 16:24:11 [ERROR] Payment gateway error
2025-09-25 10:21:11 [ERROR] Service unavailable, retrying....
2025-09-24 01:29:11 [FATAL] Database connection timeout
2025-09-23 21:43:11 [WARN] Payment processed successfully
2025-09-24 17:22:11 [DEBUG] Payment gateway error
2025-09-24 13:45:11 [INFO] User login failed for username=admin
2025-09-25 00:46:11 [DEBUG] User login successful
2025-09-25 11:12:11 [ERROR] Invalid API key provided
2025-09-25 09:58:11 [ERROR] Invalid API key provided
2025-09-24 19:09:11 [FATAL] Payment processed successfully
2025-09-24 11:45:11 [DEBUG] Null pointer exception in module X
2025-09-25 10:40:11 [WARN] Database connection timeout
2025-09-24 01:29:11 [CRITICAL] Service unavailable, retrying...
2025-09-24 17:14:11 [WARN] Cache miss for session ID
2025-09-24 18:40:11 [WARN] Payment gateway error
2025-09-25 04:58:11 [ERROR] Cache miss for session ID
2025-09-24 21:16:11 [FATAL] Null pointer exception in module X
2025-09-24 04:07:11 [DEBUG] User login successful
2025-09-24 07:54:11 [FATAL] Null pointer exception in module X
2025-09-24 09:56:11 [ERROR] Payment processed successfully
2025-09-24 03:47:11 [ERROR] Payment gateway error
2025-09-24 06:53:11 [INFO] User login successful
2025-09-24 07:41:11 [FATAL] Payment processed successfully
2025-09-24 20:23:11 [ERROR] Service unavailable, retrying...
2025-09-25 13:12:11 [DEBUG] Invalid API key provided
2025-09-23 21:43:11 [ERROR] User login successful
2025-09-25 07:23:11 [WARN] Payment gateway error
2025-09-25 00:50:11 [DEBUG] Database connection timeout
2025-09-25 05:10:11 [DEBUG] Null pointer exception in module X
2025-09-23 16:43:11 [DEBUG] Payment gateway error
2025-09-25 01:42:11 [DEBUG] Service unavailable, retrying...
2025-09-25 10:59:11 [INFO] Invalid API key provided
2025-09-24 00:36:11 [DEBUG] Database connection established
2025-09-23 12:56:11 [ERROR] Service unavailable, retrying...
2025-09-25 02:03:11 [CRITICAL] Null pointer exception in module X
2025-09-24 00:50:11 [FATAL] Database connection established
2025-09-25 05:06:11 [CRITICAL] User login failed for username=admin
2025-09-24 13:03:11 [DEBUG] Service unavailable, retrying...
2025-09-24 20:36:11 [ERROR] Null pointer exception in module X
2025-09-24 01:03:11 [WARN] Cache miss for session ID
2025-09-24 20:12:11 [INFO] Null pointer exception in module X
2025-09-23 14:23:11 [INFO] Cache miss for session ID