2025-09-25 06:30:11 [DEBUG] System started
2025-09-25 09:22:11 [ERROR] Disk usage exceeded 90%
2025-09-25 05:30:11 [CRITICAL] Kernel panic detected
2025-09-25 08:29:11 [CRITICAL] Network interface eth0 up
2025-09-25 10:50:11 [ERROR] Unauthorized access attempt detected
2025-09-25 04:57:11 [WARN] Network interface eth0 up
2025-09-25 09:12:11 [DEBUG] System started
2025-09-25 08:35:11 [ERROR] File system read-only mode
2025-09-24 04:21:11 [FATAL] Unauthorized access attempt detected
2025-09-25 04:24:11 [CRITICAL] FATAL: power supply failure
2025-09-24 09:28:11 [CRITICAL] FATAL: power supply failure
2025-09-24 01:04:11 [DEBUG] CRITICAL: memory corruption detected
2025-09-24 19:09:11 [FATAL] FATAL: power supply failure
2025-09-24 10:50:11 [DEBUG] File system read-only mode
2025-09-23 18:58:11 [ERROR] File system read-only mode
2025-09-25 04:34:11 [DEBUG] Unauthorized access attempt detected
2025-09-25 04:27:11 [DEBUG] CRITICAL: memory corruption detected
2025-09-24 07:34:11 [CRITICAL] CRITICAL: memory corruption detected
2025-09-23 15:25:11 [DEBUG] Network interface eth0 up
2025-09-24 18:08:11 [DEBUG] Network interface eth0 up
2025-09-23 17:52:11 [FATAL] System started
2025-09-24 13:55:11 [FATAL] Kernel panic detected
2025-09-24 11:49:11 [DEBUG] Unauthorized access attempt detected
2025-09-24 05:54:11 [WARN] Unauthorized access attempt detected
2025-09-25 05:06:11 [CRITICAL] Network interface eth0 up
2025-09-24 07:43:11 [ERROR] Network interface eth0 down
2025-09-25 09:32:11 [DEBUG] Network interface eth0 down
2025-09-25 05:51:11 [INFO] Service restarted automatically
2025-09-25 13:00:11 [INFO] Disk usage exceeded 90%
2025-09-23 13:15:11 [ERROR] Kernel panic detected
2025-09-23 22:09:11 [WARN] FATAL: power supply failure
2025-09-25 08:26:11 [CRITICAL] Network interface eth0 up
2025-09-25 01:46:11 [INFO] Network interface eth0 down
2025-09-24 17:12:11 [INFO] FATAL: power supply failure
2025-09-24 03:46:11 [DEBUG] Unauthorized access attempt detected
2025-09-23 16:51:11 [CRITICAL] FATAL: power supply failure
2025-09-25 12:38:11 [INFO] Service restarted automatically
2025-09-24 19:07:11 [WARN] Disk usage exceeded 90%
2025-09-24 05:45:11 [INFO] Service restarted automatically
2025-09-24 06:30:11 [ERROR] FATAL: power supply failure
2025-09-23 18:50:11 [DEBUG] File system read-only mode
2025-09-24 01:54:11 [INFO] Network interface eth0 up
2025-09-24 05:15:11 [WARN] Service restarted automatically
2025-09-24 02:42:11 [WARN] Network interface eth0 up
2025-09-24 23:41:11 [CRITICAL] Network interface eth0 down
2025-09-24 11:40:11 [INFO] Service restarted automatically
2025-09-23 23:11:11 [DEBUG] Network interface eth0 down
2025-09-24 02:10:11 [FATAL] FATAL: power supply failure
2025-09-24 03:02:11 [INFO] CRITICAL: memory corruption detected
2025-09-24 06:28:11 [DEBUG] FATAL: power supply failure